Using pre-set license
Built from '2020.2/staging' branch; Version is '2020.2.3f1 (8ff31bc5bf5b) revision 9433883'; Using compiler version '192528614'; Build Type 'Release'
OS: 'Windows 10 Home; OS build 19041.746; Version 2004; 64bit' Language: 'en' Physical Memory: 8077 MB
BatchMode: 1, IsHumanControllingUs: 0, StartBugReporterOnCrash: 0, Is64bit: 1, IsPro: 0

 COMMAND LINE ARGUMENTS:
C:\Program Files\Unity\Hub\Editor\2020.2.3f1\Editor\Unity.exe
-adb2
-batchMode
-noUpm
-name
AssetImportWorker0
-projectPath
C:/Users/ingri/Desktop/ZeldaLikeSpooky/ZeldalikeSpooky/SpookyProject
-logFile
Logs/AssetImportWorker0.log
-srvPort
57052
Successfully changed project path to: C:/Users/ingri/Desktop/ZeldaLikeSpooky/ZeldalikeSpooky/SpookyProject
C:/Users/ingri/Desktop/ZeldaLikeSpooky/ZeldalikeSpooky/SpookyProject
Using Asset Import Pipeline V2.
Refreshing native plugins compatible for Editor in 31.05 ms, found 0 plugins.
Preloading 0 native plugins for Editor in 0.00 ms.
Initialize engine version: 2020.2.3f1 (8ff31bc5bf5b)
[Subsystems] Discovering subsystems at path C:/Program Files/Unity/Hub/Editor/2020.2.3f1/Editor/Data/Resources/UnitySubsystems
[Subsystems] Discovering subsystems at path C:/Users/ingri/Desktop/ZeldaLikeSpooky/ZeldalikeSpooky/SpookyProject/Assets
GfxDevice: creating device client; threaded=0
Direct3D:
    Version:  Direct3D 11.0 [level 11.1]
    Renderer: NVIDIA GeForce GTX 1050 (ID=0x1c8d)
    Vendor:   
    VRAM:     1977 MB
    Driver:   27.21.14.5241
Initialize mono
Mono path[0] = 'C:/Program Files/Unity/Hub/Editor/2020.2.3f1/Editor/Data/Managed'
Mono path[1] = 'C:/Program Files/Unity/Hub/Editor/2020.2.3f1/Editor/Data/MonoBleedingEdge/lib/mono/unityjit'
Mono config path = 'C:/Program Files/Unity/Hub/Editor/2020.2.3f1/Editor/Data/MonoBleedingEdge/etc'
Using monoOptions --debugger-agent=transport=dt_socket,embedding=1,server=y,suspend=n,address=127.0.0.1:56792
Begin MonoManager ReloadAssembly
Registering precompiled unity dll's ...
Register platform support module: C:/Program Files/Unity/Hub/Editor/2020.2.3f1/Editor/Data/PlaybackEngines/WindowsStandaloneSupport/UnityEditor.WindowsStandalone.Extensions.dll
Registered in 0.003871 seconds.
Native extension for WindowsStandalone target not found
Refreshing native plugins compatible for Editor in 30.39 ms, found 0 plugins.
Preloading 0 native plugins for Editor in 0.00 ms.
Invoked RoslynAnalysisRunner static constructor.
RoslynAnalysisRunner will not be running.
RoslynAnalysisRunner has terminated.
Mono: successfully reloaded assembly
- Completed reload, in  1.831 seconds
Platform modules already initialized, skipping
Registering precompiled user dll's ...
Registered in 0.001276 seconds.
Begin MonoManager ReloadAssembly
Native extension for WindowsStandalone target not found
Refreshing native plugins compatible for Editor in 0.22 ms, found 0 plugins.
Preloading 0 native plugins for Editor in 0.00 ms.
Invoked RoslynAnalysisRunner static constructor.
RoslynAnalysisRunner will not be running.
RoslynAnalysisRunner has terminated.
Mono: successfully reloaded assembly
- Completed reload, in  1.299 seconds
Platform modules already initialized, skipping
========================================================================
Worker process is ready to serve import requests
Launched and connected shader compiler UnityShaderCompiler.exe after 0.08 seconds
Refreshing native plugins compatible for Editor in 0.23 ms, found 0 plugins.
Preloading 0 native plugins for Editor in 0.00 ms.
Unloading 1099 Unused Serialized files (Serialized files now loaded: 0)
System memory in use before: 56.6 MB.
System memory in use after: 56.7 MB.

Unloading 10 unused Assets to reduce memory usage. Loaded Objects now: 1540.
Total: 2.068800 ms (FindLiveObjects: 0.157700 ms CreateObjectMapping: 0.044600 ms MarkObjects: 1.776700 ms  DeleteObjects: 0.088300 ms)

========================================================================
Received Import Request.
  path: Assets
  artifactKey: Guid(00000000000000001000000000000000) Importer(815301076,1909f56bfc062723c751e8b465ee728b)
Start importing Assets using Guid(00000000000000001000000000000000) Importer(815301076,1909f56bfc062723c751e8b465ee728b)  -> (artifact id: '653ce283d384579a24208b2e4d727c2a') in 0.007562 seconds
  Import took 0.010090 seconds .

========================================================================
Received Import Request.
  Time since last request: 2.049863 seconds.
  path: Assets/Scripts
  artifactKey: Guid(8d061fb1005643c46810e335a90d27be) Importer(815301076,1909f56bfc062723c751e8b465ee728b)
Start importing Assets/Scripts using Guid(8d061fb1005643c46810e335a90d27be) Importer(815301076,1909f56bfc062723c751e8b465ee728b)  -> (artifact id: '08791a50f161d3b30c415a02261b432c') in 0.008467 seconds
  Import took 0.010905 seconds .

========================================================================
Received Import Request.
  Time since last request: 17.589024 seconds.
  path: Assets/Prefabs
  artifactKey: Guid(1b6eb008467f9794cafcc9ada5cb6d29) Importer(815301076,1909f56bfc062723c751e8b465ee728b)
Start importing Assets/Prefabs using Guid(1b6eb008467f9794cafcc9ada5cb6d29) Importer(815301076,1909f56bfc062723c751e8b465ee728b)  -> (artifact id: 'ae9dd5edf3bea26cd5ffa8527c2a67f3') in 0.006864 seconds
  Import took 0.009962 seconds .

========================================================================
Received Import Request.
  Time since last request: 7.515679 seconds.
  path: Assets/Props
  artifactKey: Guid(96b2dfe790208114ead166bd98380ba2) Importer(815301076,1909f56bfc062723c751e8b465ee728b)
Start importing Assets/Props using Guid(96b2dfe790208114ead166bd98380ba2) Importer(815301076,1909f56bfc062723c751e8b465ee728b)  -> (artifact id: '881259b3f7b26ecb42d7a6142b703c75') in 0.007618 seconds
  Import took 0.009782 seconds .

========================================================================
Received Import Request.
  Time since last request: 8.048417 seconds.
  path: Assets/Animations
  artifactKey: Guid(b11dd3fe0a64ad943b8147a2dad311dd) Importer(815301076,1909f56bfc062723c751e8b465ee728b)
Start importing Assets/Animations using Guid(b11dd3fe0a64ad943b8147a2dad311dd) Importer(815301076,1909f56bfc062723c751e8b465ee728b)  -> (artifact id: '821adb3c79a9975fd381b29b8f6b47da') in 0.006773 seconds
  Import took 0.012061 seconds .

========================================================================
Received Import Request.
  Time since last request: 10.498365 seconds.
  path: Assets/Scripts/Julia
  artifactKey: Guid(ff4d09201917a67419f6a8c0b7e96e9c) Importer(815301076,1909f56bfc062723c751e8b465ee728b)
Start importing Assets/Scripts/Julia using Guid(ff4d09201917a67419f6a8c0b7e96e9c) Importer(815301076,1909f56bfc062723c751e8b465ee728b)  -> (artifact id: 'c7c9fb506761638fd80966eb6cc2d339') in 0.008865 seconds
  Import took 0.012920 seconds .

========================================================================
Received Import Request.
  Time since last request: 28.121347 seconds.
  path: Assets/Scripts/Julia/JUB_Maeve.cs
  artifactKey: Guid(8f1615c6e411cab4185db779820213d3) Importer(815301076,1909f56bfc062723c751e8b465ee728b)
Start importing Assets/Scripts/Julia/JUB_Maeve.cs using Guid(8f1615c6e411cab4185db779820213d3) Importer(815301076,1909f56bfc062723c751e8b465ee728b)  -> (artifact id: 'a49e27a6696f379a2c3ccb4cd7ade94b') in 0.087659 seconds
  Import took 0.089952 seconds .

========================================================================
Received Prepare
Registering precompiled user dll's ...
Registered in 0.003715 seconds.
Begin MonoManager ReloadAssembly
Native extension for WindowsStandalone target not found
Refreshing native plugins compatible for Editor in 0.22 ms, found 0 plugins.
Preloading 0 native plugins for Editor in 0.00 ms.
Invoked RoslynAnalysisRunner static constructor.
RoslynAnalysisRunner will not be running.
RoslynAnalysisRunner has terminated.
Mono: successfully reloaded assembly
- Completed reload, in  5.549 seconds
Platform modules already initialized, skipping
Refreshing native plugins compatible for Editor in 0.24 ms, found 0 plugins.
Preloading 0 native plugins for Editor in 0.00 ms.
Unloading 1095 Unused Serialized files (Serialized files now loaded: 0)
System memory in use before: 56.6 MB.
System memory in use after: 56.7 MB.

Unloading 5 unused Assets to reduce memory usage. Loaded Objects now: 1543.
Total: 3.344900 ms (FindLiveObjects: 0.483300 ms CreateObjectMapping: 0.048800 ms MarkObjects: 2.743900 ms  DeleteObjects: 0.065800 ms)

========================================================================
Received Prepare
Registering precompiled user dll's ...
Registered in 0.002063 seconds.
Begin MonoManager ReloadAssembly
Native extension for WindowsStandalone target not found
Refreshing native plugins compatible for Editor in 0.28 ms, found 0 plugins.
Preloading 0 native plugins for Editor in 0.00 ms.
Invoked RoslynAnalysisRunner static constructor.
RoslynAnalysisRunner will not be running.
RoslynAnalysisRunner has terminated.
Mono: successfully reloaded assembly
- Completed reload, in  1.030 seconds
Platform modules already initialized, skipping
Refreshing native plugins compatible for Editor in 0.29 ms, found 0 plugins.
Preloading 0 native plugins for Editor in 0.00 ms.
Unloading 1391 Unused Serialized files (Serialized files now loaded: 0)
System memory in use before: 66.1 MB.
System memory in use after: 66.2 MB.

Unloading 3 unused Assets to reduce memory usage. Loaded Objects now: 1839.
Total: 2.045400 ms (FindLiveObjects: 0.317300 ms CreateObjectMapping: 0.183900 ms MarkObjects: 1.481000 ms  DeleteObjects: 0.062000 ms)

AssetImportWorkerClient::OnTransportError - code=2 error=End of file
